<?xml version="1.0" encoding="UTF-8"?><testsuite name="nosetests" tests="4" errors="0" failures="0" skip="0"><testcase classname="tests.test_components.TestBoostrapComponent" name="test_magic_add" time="0.010"></testcase><testcase classname="tests.test_components.TestBoostrapComponent" name="test_magic_iadd" time="0.000"></testcase><testcase classname="tests.test_components.TestBoostrapComponent" name="test_magic_radd" time="0.000"></testcase><testcase classname="tests.test_components.TestBoostrapComponent" name="test_render" time="0.000"></testcase></testsuite>