<?xml version="1.0" encoding="UTF-8"?><testsuite name="nosetests" tests="26" errors="0" failures="0" skip="0"><testcase classname="tests.test_components.TestAccordion" name="test_rendering_with_accordion_title_center_argument" time="0.000"></testcase><testcase classname="tests.test_components.TestBadge" name="test_rendering_with_color_argument" time="0.013"></testcase><testcase classname="tests.test_components.TestBadge" name="test_rendering_with_pill_argument" time="0.001"></testcase><testcase classname="tests.test_components.TestBoostrapComponent" name="test_magic_add" time="0.001"></testcase><testcase classname="tests.test_components.TestBoostrapComponent" name="test_magic_iadd" time="0.000"></testcase><testcase classname="tests.test_components.TestBoostrapComponent" name="test_magic_radd" time="0.000"></testcase><testcase classname="tests.test_components.TestBoostrapComponent" name="test_magic_repr" time="0.000"></testcase><testcase classname="tests.test_components.TestBoostrapComponent" name="test_render" time="0.000"></testcase><testcase classname="tests.test_components.TestButton" name="test_rendering_with_area_controls_argument" time="0.003"></testcase><testcase classname="tests.test_components.TestButton" name="test_rendering_with_area_expand_argument" time="0.001"></testcase><testcase classname="tests.test_components.TestButton" name="test_rendering_with_color_argument" time="0.001"></testcase><testcase classname="tests.test_components.TestButton" name="test_rendering_with_data_target_argument" time="0.001"></testcase><testcase classname="tests.test_components.TestButton" name="test_rendering_with_data_toggle_argument" time="0.001"></testcase><testcase classname="tests.test_components.TestInheritance" name="test_inheritance_of_bootstrap_components" time="0.000"></testcase><testcase classname="tests.test_components.TestLink" name="test_rendering_with_color_argument" time="0.002"></testcase><testcase classname="tests.test_components.TestLink" name="test_rendering_with_dropdown_item_argument" time="0.001"></testcase><testcase classname="tests.test_components.TestLink" name="test_rendering_with_open_in_new_tab_argument" time="0.001"></testcase><testcase classname="tests.test_components.TestLinkButton" name="test_rendering_with_color_argument" time="0.001"></testcase><testcase classname="tests.test_components.TestModal" name="test_rendering_with_fade_argument" time="0.003"></testcase><testcase classname="tests.test_components.TestModal" name="test_rendering_with_fetch_url_argument" time="0.002"></testcase><testcase classname="tests.test_components.TestModal" name="test_rendering_with_modal_footer_argument" time="0.002"></testcase><testcase classname="tests.test_components.TestModal" name="test_rendering_with_size_argument" time="0.002"></testcase><testcase classname="tests.test_components.TestProgressBar" name="test_rendering_with_animated_argument" time="0.003"></testcase><testcase classname="tests.test_components.TestProgressBar" name="test_rendering_with_color_argument" time="0.001"></testcase><testcase classname="tests.test_components.TestProgressBar" name="test_rendering_with_progress_argument" time="0.001"></testcase><testcase classname="tests.test_components.TestProgressBar" name="test_rendering_with_striped_argument" time="0.001"></testcase></testsuite>