<?xml version="1.0" encoding="UTF-8"?><testsuite name="nosetests" tests="60" errors="0" failures="0" skip="0"><testcase classname="tests.test_components.TestAccordion" name="test_rendering_with_body_bg_color_argument" time="0.019"></testcase><testcase classname="tests.test_components.TestAccordion" name="test_rendering_with_body_border_argument" time="0.003"></testcase><testcase classname="tests.test_components.TestAccordion" name="test_rendering_with_body_text_color_argument" time="0.002"></testcase><testcase classname="tests.test_components.TestAccordion" name="test_rendering_with_content_argument" time="0.002"></testcase><testcase classname="tests.test_components.TestAccordion" name="test_rendering_with_fetch_url_argument" time="0.003"></testcase><testcase classname="tests.test_components.TestAccordion" name="test_rendering_with_header_bg_color_argument" time="0.003"></testcase><testcase classname="tests.test_components.TestAccordion" name="test_rendering_with_header_border_argument" time="0.003"></testcase><testcase classname="tests.test_components.TestAccordion" name="test_rendering_with_header_text_color_argument" time="0.003"></testcase><testcase classname="tests.test_components.TestBadge" name="test_rendering_with_color_argument" time="0.001"></testcase><testcase classname="tests.test_components.TestBadge" name="test_rendering_with_pill_argument" time="0.000"></testcase><testcase classname="tests.test_components.TestBoostrapComponent" name="test_magic_add" time="0.000"></testcase><testcase classname="tests.test_components.TestBoostrapComponent" name="test_magic_iadd" time="0.000"></testcase><testcase classname="tests.test_components.TestBoostrapComponent" name="test_magic_radd" time="0.000"></testcase><testcase classname="tests.test_components.TestBoostrapComponent" name="test_magic_repr" time="0.000"></testcase><testcase classname="tests.test_components.TestBoostrapComponent" name="test_render" time="0.000"></testcase><testcase classname="tests.test_components.TestButton" name="test_rendering_with_area_controls_argument" time="0.001"></testcase><testcase classname="tests.test_components.TestButton" name="test_rendering_with_area_expand_argument" time="0.001"></testcase><testcase classname="tests.test_components.TestButton" name="test_rendering_with_color_argument" time="0.001"></testcase><testcase classname="tests.test_components.TestButton" name="test_rendering_with_data_target_argument" time="0.001"></testcase><testcase classname="tests.test_components.TestButton" name="test_rendering_with_data_toggle_argument" time="0.001"></testcase><testcase classname="tests.test_components.TestButtonGroup" name="test_rendering" time="0.003"></testcase><testcase classname="tests.test_components.TestCard" name="test_rendering_with_bg_color_argument" time="0.002"></testcase><testcase classname="tests.test_components.TestCard" name="test_rendering_with_border_color_argument" time="0.001"></testcase><testcase classname="tests.test_components.TestCard" name="test_rendering_with_footer_argument" time="0.002"></testcase><testcase classname="tests.test_components.TestCard" name="test_rendering_with_header_argument" time="0.001"></testcase><testcase classname="tests.test_components.TestCard" name="test_rendering_with_text_color_argument" time="0.001"></testcase><testcase classname="tests.test_components.TestCardBody" name="test_rendering_with_additional_classes" time="0.001"></testcase><testcase classname="tests.test_components.TestCardBody" name="test_rendering_with_aria_labelledby" time="0.001"></testcase><testcase classname="tests.test_components.TestCardBody" name="test_rendering_with_bg_color" time="0.001"></testcase><testcase classname="tests.test_components.TestCardBody" name="test_rendering_with_body_id" time="0.001"></testcase><testcase classname="tests.test_components.TestCardBody" name="test_rendering_with_border_color" time="0.001"></testcase><testcase classname="tests.test_components.TestCardBody" name="test_rendering_with_data_parent" time="0.001"></testcase><testcase classname="tests.test_components.TestCardBody" name="test_rendering_with_fetch_url" time="0.001"></testcase><testcase classname="tests.test_components.TestCardBody" name="test_rendering_with_text_color" time="0.001"></testcase><testcase classname="tests.test_components.TestCardFooter" name="test_rendering_with_bg_color" time="0.001"></testcase><testcase classname="tests.test_components.TestCardFooter" name="test_rendering_with_border_color" time="0.001"></testcase><testcase classname="tests.test_components.TestCardFooter" name="test_rendering_with_text_color" time="0.001"></testcase><testcase classname="tests.test_components.TestCardHeader" name="test_rendering_with_bg_color" time="0.001"></testcase><testcase classname="tests.test_components.TestCardHeader" name="test_rendering_with_border_color" time="0.001"></testcase><testcase classname="tests.test_components.TestCardHeader" name="test_rendering_with_header_id" time="0.001"></testcase><testcase classname="tests.test_components.TestCardHeader" name="test_rendering_with_text_color" time="0.001"></testcase><testcase classname="tests.test_components.TestDiv" name="test_rendering" time="0.001"></testcase><testcase classname="tests.test_components.TestDropdown" name="test_rendering_with_color_argument" time="0.004"></testcase><testcase classname="tests.test_components.TestDropdown" name="test_rendering_with_header_argument" time="0.002"></testcase><testcase classname="tests.test_components.TestInheritance" name="test_inheritance_of_bootstrap_components" time="0.000"></testcase><testcase classname="tests.test_components.TestLink" name="test_rendering_with_color_argument" time="0.001"></testcase><testcase classname="tests.test_components.TestLink" name="test_rendering_with_dropdown_item_argument" time="0.001"></testcase><testcase classname="tests.test_components.TestLink" name="test_rendering_with_open_in_new_tab_argument" time="0.001"></testcase><testcase classname="tests.test_components.TestLinkButton" name="test_rendering_with_color_argument" time="0.001"></testcase><testcase classname="tests.test_components.TestListGroup" name="test_rendering" time="0.002"></testcase><testcase classname="tests.test_components.TestListGroupItem" name="test_rendering" time="0.001"></testcase><testcase classname="tests.test_components.TestModal" name="test_rendering_with_fade_argument" time="0.004"></testcase><testcase classname="tests.test_components.TestModal" name="test_rendering_with_fetch_url_argument" time="0.001"></testcase><testcase classname="tests.test_components.TestModal" name="test_rendering_with_modal_footer_argument" time="0.001"></testcase><testcase classname="tests.test_components.TestModal" name="test_rendering_with_size_argument" time="0.001"></testcase><testcase classname="tests.test_components.TestProgressBar" name="test_rendering_with_animated_argument" time="0.003"></testcase><testcase classname="tests.test_components.TestProgressBar" name="test_rendering_with_color_argument" time="0.001"></testcase><testcase classname="tests.test_components.TestProgressBar" name="test_rendering_with_progress_argument" time="0.001"></testcase><testcase classname="tests.test_components.TestProgressBar" name="test_rendering_with_striped_argument" time="0.001"></testcase><testcase classname="tests.test_components.TestTooltip" name="test_rendering" time="0.000"></testcase></testsuite>